[Fri, 23 Mar 2012 23:28:54 GMT] INFO Server starting with config: {
  "environment": "development",
  "workers": 1,
  "port": 4000,
  "debug": true,
  "rotateWorkers": false,
  "rotationWindow": 7200000,
  "rotationTimeout": 300000,
  "logDir": "/Users/noragabrielamora/Projects/Personal/geedy/todo_app/log",
  "gracefulShutdownTimeout": 30000,
  "heartbeatInterval": 5000,
  "heartbeatWindow": 20000,
  "staticFilePath": "/Users/noragabrielamora/Projects/Personal/geedy/todo_app/public",
  "sessions": {
    "store": "memory",
    "key": "sid",
    "expiry": 1209600
  },
  "cookieSessionKey": "sdata",
  "metrics": null,
  "i18n": {
    "defaultLocale": "en-us",
    "loadPaths": [
      "/Users/noragabrielamora/Projects/Personal/geedy/todo_app/config/locales"
    ]
  },
  "ssl": null,
  "detailedErrors": true,
  "hostname": null
}
[Fri, 23 Mar 2012 23:28:54 GMT] INFO Creating 1 worker process.
[Fri, 23 Mar 2012 23:28:54 GMT] INFO Server worker running in development on port 4000 with a PID of: 2069
[Fri, 23 Mar 2012 23:28:54 GMT] DEBUG LOGGING STARTED ============================================
[Fri, 23 Mar 2012 23:28:54 GMT] DEBUG ============================================================
[Fri, 23 Mar 2012 23:30:44 GMT] INFO Creating 1 worker process.
[Fri, 23 Mar 2012 23:30:44 GMT] INFO Server worker running in development on port 4000 with a PID of: 2073
[Fri, 23 Mar 2012 23:30:44 GMT] DEBUG LOGGING STARTED ============================================
[Fri, 23 Mar 2012 23:30:44 GMT] DEBUG ============================================================
[Fri, 23 Mar 2012 23:31:09 GMT] INFO Creating 1 worker process.
[Fri, 23 Mar 2012 23:31:09 GMT] INFO Server worker running in development on port 4000 with a PID of: 2075
[Fri, 23 Mar 2012 23:31:09 GMT] DEBUG LOGGING STARTED ============================================
[Fri, 23 Mar 2012 23:31:09 GMT] DEBUG ============================================================
[Fri, 23 Mar 2012 23:32:24 GMT] INFO Creating 1 worker process.
[Fri, 23 Mar 2012 23:32:24 GMT] INFO Server worker running in development on port 4000 with a PID of: 2089
[Fri, 23 Mar 2012 23:32:24 GMT] DEBUG LOGGING STARTED ============================================
[Fri, 23 Mar 2012 23:32:24 GMT] DEBUG ============================================================
