[Fri, 23 Mar 2012 22:13:32 GMT] INFO Server starting with config: {
  "environment": "development",
  "workers": 1,
  "port": 4000,
  "debug": true,
  "rotateWorkers": false,
  "rotationWindow": 7200000,
  "rotationTimeout": 300000,
  "logDir": "/Users/noragabrielamora/Projects/Personal/geedy/todo_app/log",
  "gracefulShutdownTimeout": 30000,
  "heartbeatInterval": 5000,
  "heartbeatWindow": 20000,
  "staticFilePath": "/Users/noragabrielamora/Projects/Personal/geedy/todo_app/public",
  "sessions": {
    "store": "memory",
    "key": "sid",
    "expiry": 1209600
  },
  "cookieSessionKey": "sdata",
  "metrics": null,
  "i18n": {
    "defaultLocale": "en-us",
    "loadPaths": [
      "/Users/noragabrielamora/Projects/Personal/geedy/todo_app/config/locales"
    ]
  },
  "ssl": null,
  "detailedErrors": true,
  "hostname": null
}
[Fri, 23 Mar 2012 22:13:32 GMT] INFO Creating 1 worker process.
[Fri, 23 Mar 2012 22:13:32 GMT] INFO Server worker running in development on port 4000 with a PID of: 1698
[Fri, 23 Mar 2012 22:13:32 GMT] DEBUG LOGGING STARTED ============================================
[Fri, 23 Mar 2012 22:13:32 GMT] DEBUG ============================================================
[Fri, 23 Mar 2012 22:18:08 GMT] INFO Creating 1 worker process.
[Fri, 23 Mar 2012 22:18:08 GMT] INFO Server worker running in development on port 4000 with a PID of: 1725
[Fri, 23 Mar 2012 22:18:08 GMT] DEBUG LOGGING STARTED ============================================
[Fri, 23 Mar 2012 22:18:08 GMT] DEBUG ============================================================
[Fri, 23 Mar 2012 22:18:48 GMT] INFO Creating 1 worker process.
[Fri, 23 Mar 2012 22:18:48 GMT] INFO Server worker running in development on port 4000 with a PID of: 1735
[Fri, 23 Mar 2012 22:18:48 GMT] DEBUG LOGGING STARTED ============================================
[Fri, 23 Mar 2012 22:18:48 GMT] DEBUG ============================================================
[Fri, 23 Mar 2012 22:19:03 GMT] INFO Creating 1 worker process.
[Fri, 23 Mar 2012 22:19:03 GMT] INFO Server worker running in development on port 4000 with a PID of: 1738
[Fri, 23 Mar 2012 22:19:03 GMT] DEBUG LOGGING STARTED ============================================
[Fri, 23 Mar 2012 22:19:03 GMT] DEBUG ============================================================
[Fri, 23 Mar 2012 22:19:43 GMT] INFO Creating 1 worker process.
[Fri, 23 Mar 2012 22:19:43 GMT] INFO Server worker running in development on port 4000 with a PID of: 1741
[Fri, 23 Mar 2012 22:19:43 GMT] DEBUG LOGGING STARTED ============================================
[Fri, 23 Mar 2012 22:19:43 GMT] DEBUG ============================================================
[Fri, 23 Mar 2012 22:19:58 GMT] INFO Creating 1 worker process.
[Fri, 23 Mar 2012 22:19:58 GMT] INFO Server worker running in development on port 4000 with a PID of: 1743
[Fri, 23 Mar 2012 22:19:58 GMT] DEBUG LOGGING STARTED ============================================
[Fri, 23 Mar 2012 22:19:58 GMT] DEBUG ============================================================
[Fri, 23 Mar 2012 22:21:18 GMT] INFO Creating 1 worker process.
[Fri, 23 Mar 2012 22:21:28 GMT] INFO Creating 1 worker process.
[Fri, 23 Mar 2012 22:21:28 GMT] INFO Server worker running in development on port 4000 with a PID of: 1748
[Fri, 23 Mar 2012 22:21:28 GMT] DEBUG LOGGING STARTED ============================================
[Fri, 23 Mar 2012 22:21:28 GMT] DEBUG ============================================================
[Fri, 23 Mar 2012 22:21:38 GMT] INFO Creating 1 worker process.
[Fri, 23 Mar 2012 22:21:38 GMT] INFO Server worker running in development on port 4000 with a PID of: 1750
[Fri, 23 Mar 2012 22:21:38 GMT] DEBUG LOGGING STARTED ============================================
[Fri, 23 Mar 2012 22:21:38 GMT] DEBUG ============================================================
[Fri, 23 Mar 2012 22:21:53 GMT] INFO Creating 1 worker process.
[Fri, 23 Mar 2012 22:21:53 GMT] INFO Server worker running in development on port 4000 with a PID of: 1751
[Fri, 23 Mar 2012 22:21:53 GMT] DEBUG LOGGING STARTED ============================================
[Fri, 23 Mar 2012 22:21:53 GMT] DEBUG ============================================================
[Fri, 23 Mar 2012 22:22:08 GMT] INFO Creating 1 worker process.
[Fri, 23 Mar 2012 22:22:23 GMT] INFO Creating 1 worker process.
[Fri, 23 Mar 2012 22:22:23 GMT] INFO Server worker running in development on port 4000 with a PID of: 1754
[Fri, 23 Mar 2012 22:22:23 GMT] DEBUG LOGGING STARTED ============================================
[Fri, 23 Mar 2012 22:22:23 GMT] DEBUG ============================================================
[Fri, 23 Mar 2012 22:26:33 GMT] INFO Creating 1 worker process.
[Fri, 23 Mar 2012 22:26:34 GMT] INFO Server worker running in development on port 4000 with a PID of: 1761
[Fri, 23 Mar 2012 22:26:34 GMT] DEBUG LOGGING STARTED ============================================
[Fri, 23 Mar 2012 22:26:34 GMT] DEBUG ============================================================
[Fri, 23 Mar 2012 22:29:44 GMT] INFO Creating 1 worker process.
[Fri, 23 Mar 2012 22:29:44 GMT] INFO Server worker running in development on port 4000 with a PID of: 1801
[Fri, 23 Mar 2012 22:29:44 GMT] DEBUG LOGGING STARTED ============================================
[Fri, 23 Mar 2012 22:29:44 GMT] DEBUG ============================================================
[Fri, 23 Mar 2012 22:32:39 GMT] INFO Creating 1 worker process.
[Fri, 23 Mar 2012 22:32:39 GMT] INFO Server worker running in development on port 4000 with a PID of: 1806
[Fri, 23 Mar 2012 22:32:39 GMT] DEBUG LOGGING STARTED ============================================
[Fri, 23 Mar 2012 22:32:39 GMT] DEBUG ============================================================
